[00:02:11] [Server thread/WARN]: gxby_idk moved wrongly!
[00:02:14] [Server thread/WARN]: gxby_idk moved wrongly!
[00:05:15] [Server thread/WARN]: gxby_idk moved wrongly!
[00:05:21] [Server thread/WARN]: messironaldo1235 moved wrongly!
[00:07:56] [Worker-Main-3/WARN]: Empty or non-existent pool: kaisyn:village/exclusives/mediterranean/villager_bishop
[00:08:24] [Worker-Main-2/ERROR]: Hanging entity at invalid position: class_2338{x=-81, y=-56, z=2188}
[00:08:24] [Worker-Main-3/ERROR]: Hanging entity at invalid position: class_2338{x=-80, y=-56, z=2205}
[00:08:24] [Worker-Main-3/ERROR]: Hanging entity at invalid position: class_2338{x=-17, y=-56, z=2192}
[00:08:26] [Server thread/WARN]: gxby_idk moved wrongly!
[00:08:27] [Server thread/WARN]: Mr_albanil moved wrongly!
[00:08:28] [Server thread/WARN]: messironaldo1235 moved wrongly!
[00:09:11] [Server thread/INFO]: gxby_idk has made the advancement [Smashing Success]
[00:09:13] [Server thread/INFO]: messironaldo1235 has made the advancement [Smashing Success]
[00:12:34] [Server thread/INFO]: messironaldo1235 has made the advancement [Ancient Treasure]
[00:13:44] [Worker-Main-1/ERROR]: Hanging entity at invalid position: class_2338{x=-21, y=-58, z=2284}
[00:13:44] [Worker-Main-1/ERROR]: Hanging entity at invalid position: class_2338{x=-21, y=-58, z=2284}
[00:13:44] [Worker-Main-1/ERROR]: Hanging entity at invalid position: class_2338{x=-21, y=-58, z=2286}
[00:13:44] [Worker-Main-1/ERROR]: Hanging entity at invalid position: class_2338{x=-21, y=-58, z=2286}
[00:13:44] [Worker-Main-1/ERROR]: Hanging entity at invalid position: class_2338{x=-24, y=-57, z=2292}
[00:13:44] [Worker-Main-1/ERROR]: Hanging entity at invalid position: class_2338{x=-21, y=-58, z=2288}
[00:13:44] [Worker-Main-1/ERROR]: Hanging entity at invalid position: class_2338{x=-21, y=-58, z=2288}
[00:13:44] [Worker-Main-1/ERROR]: Hanging entity at invalid position: class_2338{x=-21, y=-58, z=2290}
[00:13:44] [Worker-Main-1/ERROR]: Hanging entity at invalid position: class_2338{x=-21, y=-58, z=2290}
[00:13:44] [Worker-Main-1/ERROR]: Hanging entity at invalid position: class_2338{x=-18, y=-57, z=2292}
[00:13:44] [Worker-Main-1/ERROR]: Hanging entity at invalid position: class_2338{x=-80, y=-57, z=2208}
[00:13:44] [Worker-Main-1/ERROR]: Hanging entity at invalid position: class_2338{x=-17, y=-56, z=2208}
[00:13:44] [Worker-Main-1/ERROR]: Hanging entity at invalid position: class_2338{x=-80, y=-57, z=2208}
[00:13:47] [Worker-Main-1/ERROR]: Hanging entity at invalid position: class_2338{x=-81, y=-56, z=2188}
[00:13:47] [Worker-Main-1/ERROR]: Hanging entity at invalid position: class_2338{x=-80, y=-56, z=2205}
[00:14:39] [Server thread/WARN]: Can't keep up! Is the server overloaded? Running 6949ms or 138 ticks behind
[00:14:39] [Server thread/WARN]: Warship (vehicle of Mr_albanil) moved too quickly! 10.603025206659368,-1.2032017536967032E-5,1.2643624233685387
[00:14:39] [Server thread/WARN]: Warship (vehicle of Mr_albanil) moved too quickly! 11.486174320944883,-1.3034685665047618E-5,1.3732303929607497
[00:14:39] [Server thread/WARN]: Warship (vehicle of Mr_albanil) moved too quickly! 12.369251357792564,-1.4037353793128204E-5,1.4826562446839944
[00:14:39] [Server thread/WARN]: Warship (vehicle of Mr_albanil) moved too quickly! 13.252255892898575,-1.504002192120879E-5,1.5926389237458807
[00:14:39] [Server thread/WARN]: Warship (vehicle of Mr_albanil) moved too quickly! 14.135188170173024,-1.6042690049289376E-5,1.7031721520140763
[00:14:39] [Server thread/WARN]: Warship (vehicle of Mr_albanil) moved too quickly! 15.018047654883048,-1.7045358177369963E-5,1.8142557887779276
[00:14:39] [Server thread/WARN]: Warship (vehicle of Mr_albanil) moved too quickly! 15.90083451017199,-1.804802630545055E-5,1.925884354961454
[00:14:39] [Server thread/WARN]: Warship (vehicle of Mr_albanil) moved too quickly! 16.783548121477907,-1.9050694433531135E-5,2.038058404864387
[00:14:39] [Server thread/WARN]: Warship (vehicle of Mr_albanil) moved too quickly! 17.6661889619445,-2.005336256161172E-5,2.150770226991199
[00:14:39] [Server thread/WARN]: Warship (vehicle of Mr_albanil) moved too quickly! 18.548757384850433,-2.1056030689692307E-5,2.2640130975546526
[00:14:39] [Server thread/WARN]: Warship (vehicle of Mr_albanil) moved too quickly! 19.43125364902062,-2.2058698817772893E-5,2.377781152602438
[00:14:39] [Server thread/WARN]: Warship (vehicle of Mr_albanil) moved too quickly! 20.313677917566565,-2.306136694585348E-5,2.492069275154563
[00:14:39] [Server thread/WARN]: Warship (vehicle of Mr_albanil) moved too quickly! 21.196030282329957,-2.4064035073934065E-5,2.6068729997346054
[00:14:39] [Server thread/WARN]: Warship (vehicle of Mr_albanil) moved too quickly! 22.07831116032503,-2.506670320201465E-5,2.722185591080006
[00:14:39] [Server thread/WARN]: Warship (vehicle of Mr_albanil) moved too quickly! 22.960521570295896,-2.6069371330095237E-5,2.8379958421123774
[00:14:39] [Server thread/WARN]: Warship (vehicle of Mr_albanil) moved too quickly! 23.84266126165312,-2.7072039458175823E-5,2.954302163903094
[00:14:39] [Server thread/WARN]: Warship (vehicle of Mr_albanil) moved too quickly! 24.72473034385257,-2.807470758625641E-5,3.071100320585174
[00:14:39] [Server thread/WARN]: Warship (vehicle of Mr_albanil) moved too quickly! 25.606729968471882,-2.9077375714336995E-5,3.1883784469591774
[00:14:39] [Server thread/WARN]: Warship (vehicle of Mr_albanil) moved too quickly! 26.488660722266104,-3.008004384241758E-5,3.3061290487569295
[00:14:39] [Server thread/WARN]: Warship (vehicle of Mr_albanil) moved too quickly! 27.3705223401912,-3.108271197049817E-5,3.424350928413787
[00:14:39] [Server thread/WARN]: Warship (vehicle of Mr_albanil) moved too quickly! 28.25231567204537,-3.208538009857875E-5,3.5430348632446567
[00:14:39] [Server thread/WARN]: Warship (vehicle of Mr_albanil) moved too quickly! 29.13404140658713,-3.308804822665934E-5,3.6621728222776255
[00:14:39] [Server thread/WARN]: Warship (vehicle of Mr_albanil) moved too quickly! 30.0157005036217,-3.4090716354739925E-5,3.781754973765146
[00:14:39] [Server thread/WARN]: Warship (vehicle of Mr_albanil) moved too quickly! 30.8972945022806,-3.509338448282051E-5,3.901767426563538
[00:14:39] [Server thread/WARN]: Warship (vehicle of Mr_albanil) moved too quickly! 31.778823581328652,-3.60960526109011E-5,4.022206257518292
[00:14:39] [Server thread/WARN]: Warship (vehicle of Mr_albanil) moved too quickly! 32.66028825636113,-3.709872073898168E-5,4.14306520909895
[00:14:39] [Server thread/WARN]: Warship (vehicle of Mr_albanil) moved too quickly! 33.541689685375786,-3.810138886706227E-5,4.264333502954287
[00:14:39] [Server thread/WARN]: Warship (vehicle of Mr_albanil) moved too quickly! 34.42302809935245,-3.9104056995142855E-5,4.386007084478479
[00:14:39] [Server thread/WARN]: Warship (vehicle of Mr_albanil) moved too quickly! 35.30430481255735,-4.010672512322344E-5,4.508074257495764
[00:14:39] [Server thread/WARN]: Warship (vehicle of Mr_albanil) moved too quickly! 36.185520951530634,-4.110939325130403E-5,4.630524843546027
[00:14:39] [Server thread/WARN]: Warship (vehicle of Mr_albanil) moved too quickly! 37.06667746119729,-4.211206137938461E-5,4.753349983662702
[00:14:39] [Server thread/WARN]: Warship (vehicle of Mr_albanil) moved too quickly! 37.947775145076776,-4.31147295074652E-5,4.876541967587627
[00:14:39] [Server thread/WARN]: Warship (vehicle of Mr_albanil) moved too quickly! 38.82881467231164,-4.4117397635545785E-5,5.000094083693057
[00:14:39] [Server thread/WARN]: Warship (vehicle of Mr_albanil) moved too quickly! 39.70979661238471,-4.512006576362637E-5,5.124000490549406
[00:14:39] [Server thread/WARN]: Warship (vehicle of Mr_albanil) moved too quickly! 40.59072183249373,-4.612273389170696E-5,5.248253270023952
[00:14:39] [Server thread/WARN]: Warship (vehicle of Mr_albanil) moved too quickly! 41.47159183193526,-4.7125402019787543E-5,5.372840206216097
[00:14:39] [Server thread/WARN]: Warship (vehicle of Mr_albanil) moved too quickly! 42.35240714342035,-4.812807014786813E-5,5.497755997888817
[00:14:39] [Server thread/WARN]: Warship (vehicle of Mr_albanil) moved too quickly! 43.23316896385495,-4.9130738275948715E-5,5.622990704716585
[00:14:39] [Server thread/WARN]: Warship (vehicle of Mr_albanil) moved too quickly! 44.113877554966166,-5.01334064040293E-5,5.748541005268407
[00:14:39] [Server thread/WARN]: Warship (vehicle of Mr_albanil) moved too quickly! 44.99453430983249,-5.113607453210989E-5,5.874395852208636
[00:14:39] [Server thread/WARN]: Warship (vehicle of Mr_albanil) moved too quickly! 45.87514041480881,-5.2138742660190474E-5,6.000545633348793
[00:14:39] [Server thread/WARN]: Warship (vehicle of Mr_albanil) moved too quickly! 46.755696903223,-5.314141078827106E-5,6.126981990987815
[00:14:39] [Server thread/WARN]: Warship (vehicle of Mr_albanil) moved too quickly! 47.63620465415079,-5.4144078916351646E-5,6.253697655436781
[00:14:39] [Server thread/WARN]: Warship (vehicle of Mr_albanil) moved too quickly! 48.51666483239751,-5.514674704443223E-5,6.380683472375495
[00:14:39] [Server thread/WARN]: Warship (vehicle of Mr_albanil) moved too quickly! 49.39707921630179,-5.614941517251282E-5,6.507926157534712
[00:14:39] [Server thread/WARN]: Warship (vehicle of Mr_albanil) moved too quickly! 50.27744857770267,-5.7152083300593404E-5,6.635419482064435
[00:14:39] [Server thread/WARN]: Warship (vehicle of Mr_albanil) moved too quickly! 51.15392596638685,-5.815475142867399E-5,6.762588255085802
[00:14:39] [Server thread/WARN]: Warship (vehicle of Mr_albanil) moved too quickly! 52.0232943431256,-5.9157419556754576E-5,6.888955021442371
[00:14:39] [Server thread/WARN]: Warship (vehicle of Mr_albanil) moved too quickly! 52.88288215279681,-6.016008768483516E-5,7.01411331041777
[00:14:39] [Server thread/WARN]: Warship (vehicle of Mr_albanil) moved too quickly! 53.73048686363927,-6.116275581291575E-5,7.137726017880141
[00:14:39] [Server thread/WARN]: Warship (vehicle of Mr_albanil) moved too quickly! 54.56430979284687,-6.216542394099633E-5,7.259515855466134
[00:14:39] [Server thread/WARN]: Warship (vehicle of Mr_albanil) moved too quickly! 55.38289955010714,-6.316809206907692E-5,7.379257056623146
[00:14:39] [Server thread/WARN]: Warship (vehicle of Mr_albanil) moved too quickly! 56.185103008180704,-6.41707601971575E-5,7.4967681760201685
[00:14:39] [Server thread/WARN]: Warship (vehicle of Mr_albanil) moved too quickly! 56.970022912543755,-6.517342832523809E-5,7.611904918638629
[00:14:39] [Server thread/WARN]: Warship (vehicle of Mr_albanil) moved too quickly! 57.736981776843095,-6.617609645331868E-5,7.724549543880812
[00:14:39] [Server thread/WARN]: Warship (vehicle of Mr_albanil) moved too quickly! 58.48548791613939,-6.717876458139926E-5,7.834619906666148
[00:14:39] [Server thread/WARN]: Warship (vehicle of Mr_albanil) moved too quickly! 59.215209830182175,-6.818143270947985E-5,7.942051515063213
[00:14:39] [Server thread/WARN]: Warship (vehicle of Mr_albanil) moved too quickly! 59.925950252519215,-6.918410083756044E-5,8.046807520154971
[00:14:39] [Server thread/WARN]: Warship (vehicle of Mr_albanil) moved too quickly! 60.6176274968866,-7.018676896564102E-5,8.14886168897874
[00:14:39] [Server thread/WARN]: Warship (vehicle of Mr_albanil) moved too quickly! 61.29025639158863,-7.118943709372161E-5,8.24820353678956
[00:14:39] [Server thread/WARN]: Warship (vehicle of Mr_albanil) moved too quickly! 61.943932814220716,-7.21921052218022E-5,8.344835872916292
[00:14:39] [Server thread/WARN]: Warship (vehicle of Mr_albanil) moved too quickly! 62.57882035334933,-7.319477334988278E-5,8.43877267859375
[00:14:39] [Server thread/WARN]: Warship (vehicle of Mr_albanil) moved too quickly! 63.19513881672992,-7.419744147796337E-5,8.530037007107012
[00:14:39] [Server thread/WARN]: Warship (vehicle of Mr_albanil) moved too quickly! 63.793155077095435,-7.520010960604395E-5,8.618654289043661
[00:14:39] [Server thread/WARN]: Warship (vehicle of Mr_albanil) moved too quickly! 64.37317277191596,-7.620277773412454E-5,8.704662754057836
[00:14:39] [Server thread/WARN]: Warship (vehicle of Mr_albanil) moved too quickly! 64.93552669442397,-7.720544586220512E-5,8.788100590611748
[00:14:39] [Server thread/WARN]: Warship (vehicle of Mr_albanil) moved too quickly! 65.48057481510932,-7.820811399028571E-5,8.86901614908038
[00:14:39] [Server thread/WARN]: Warship (vehicle of Mr_albanil) moved too quickly! 66.00869453942869,-7.92107821183663E-5,8.947455899120314
[00:14:39] [Server thread/WARN]: Warship (vehicle of Mr_albanil) moved too quickly! 66.52027716572229,-8.021345024644688E-5,9.023469833019817
[00:14:39] [Server thread/WARN]: Warship (vehicle of Mr_albanil) moved too quickly! 67.01572328300335,-8.121611837452747E-5,9.097115185434859
[00:14:39] [Server thread/WARN]: Warship (vehicle of Mr_albanil) moved too quickly! 67.49544093362601,-8.221878650260805E-5,9.168445685065308
[00:14:39] [Server thread/WARN]: Warship (vehicle of Mr_albanil) moved too quickly! 67.95599495414262,-8.322145463068864E-5,9.23694256090107
[00:14:39] [Server thread/WARN]: Warship (vehicle of Mr_albanil) moved too quickly! 68.39458200992613,-8.422412275876923E-5,9.302182200551897
[00:14:39] [Server thread/WARN]: Warship (vehicle of Mr_albanil) moved too quickly! 68.80894195373821,-8.522679088684981E-5,9.36382375014955
[00:14:39] [Server thread/WARN]: Warship (vehicle of Mr_albanil) moved too quickly! 69.19728188590125,-8.62294590149304E-5,9.421592033518436
[00:14:39] [Server thread/WARN]: Warship (vehicle of Mr_albanil) moved too quickly! 69.55820821772795,-8.723212714301098E-5,9.475276684908067
[00:14:39] [Server thread/WARN]: Warship (vehicle of Mr_albanil) moved too quickly! 69.89066967254712,-8.823479527109157E-5,9.524718811896037
[00:14:39] [Server thread/WARN]: Warship (vehicle of Mr_albanil) moved too quickly! 70.19390702975397,-8.923746339917216E-5,9.569805216955046
[00:14:39] [Server thread/WARN]: Warship (vehicle of Mr_albanil) moved too quickly! 70.46741076660328,-9.024013152725274E-5,9.610455534496168
[00:14:39] [Server thread/WARN]: Warship (vehicle of Mr_albanil) moved too quickly! 70.71088207759021,-9.124279965533333E-5,9.646626665046142
[00:14:39] [Server thread/WARN]: Warship (vehicle of Mr_albanil) moved too quickly! 70.92420192024383,-9.224546778341391E-5,9.678297963605928
[00:14:39] [Server thread/WARN]: Warship (vehicle of Mr_albanil) moved too quickly! 71.10740156535121,-9.32481359114945E-5,9.705476481879487
[00:14:39] [Server thread/WARN]: Warship (vehicle of Mr_albanil) moved too quickly! 71.2606393941278,-9.425080403957509E-5,9.728186408483907
[00:14:39] [Server thread/WARN]: Warship (vehicle of Mr_albanil) moved too quickly! 71.38417995209875,-9.525347216765567E-5,9.746466041405256
[00:14:39] [Server thread/WARN]: Warship (vehicle of Mr_albanil) moved too quickly! 71.47837501677441,-9.625614029573626E-5,9.760371075005423
[00:14:39] [Server thread/WARN]: Warship (vehicle of Mr_albanil) moved too quickly! 71.54364884681945,-9.725880842381684E-5,9.769966838090795
[00:14:39] [Server thread/WARN]: Warship (vehicle of Mr_albanil) moved too quickly! 71.58048456058805,-9.826147655189743E-5,9.775327832875291
[00:14:39] [Server thread/WARN]: Warship (vehicle of Mr_albanil) moved too quickly! 71.58941264236273,-9.926414467997802E-5,9.776535934463027
[00:14:39] [Server thread/WARN]: Warship (vehicle of Mr_albanil) moved too quickly! 71.5710014919041,-1.002668128080586E-4,9.773676257185798
[00:14:39] [Server thread/WARN]: Warship (vehicle of Mr_albanil) moved too quickly! 71.52941095040296,-1.0126948093613919E-4,9.767368729225154
[00:14:39] [Server thread/WARN]: Warship (vehicle of Mr_albanil) moved too quickly! 71.46962149161027,-1.0227214906421978E-4,9.758353922502465
[00:14:39] [Server thread/WARN]: Warship (vehicle of Mr_albanil) moved too quickly! 71.39551982120156,-1.0327481719230036E-4,9.74720971513716
[00:14:39] [Server thread/WARN]: Warship (vehicle of Mr_albanil) moved too quickly! 71.31014232196958,-1.0427748532038095E-4,9.734387549090115
[00:14:39] [Server thread/WARN]: Warship (vehicle of Mr_albanil) moved too quickly! 71.21586387624757,-1.0528015344846153E-4,9.720240540457553
[00:14:39] [Server thread/WARN]: Warship (vehicle of Mr_albanil) moved too quickly! 71.11454399415015,-1.0628282157654212E-4,9.705048011073586
[00:14:39] [Server thread/WARN]: Warship (vehicle of Mr_albanil) moved too quickly! 71.00764154129774,-1.072854897046227E-4,9.689025662137965
[00:14:39] [Server thread/WARN]: Warship (vehicle of Mr_albanil) moved too quickly! 70.89630232773561,-1.0828815783270329E-4,9.67234376943702
[00:14:39] [Server thread/WARN]: Warship (vehicle of Mr_albanil) moved too quickly! 70.78142749482504,-1.0929082596078388E-4,9.65513913532277
[00:14:39] [Server thread/WARN]: Warship (vehicle of Mr_albanil) moved too quickly! 70.66372792306265,-1.1029349408886446E-4,9.63751606396022
[00:14:39] [Server thread/WARN]: Warship (vehicle of Mr_albanil) moved too quickly! 70.54376495063207,-1.1129616221694505E-4,9.619557925329218
[00:14:39] [Server thread/WARN]: Warship (vehicle of Mr_albanil) moved too quickly! 70.42198249183093,-1.1229883034502564E-4,9.601333546445858
[00:14:39] [Server thread/WARN]: Warship (vehicle of Mr_albanil) moved too quickly! 70.29873327618952,-1.1330149847310622E-4,9.582893883105726
[00:14:39] [Server thread/WARN]: Warship (vehicle of Mr_albanil) moved too quickly! 70.17429727218132,-1.1430416660118681E-4,9.564283309543498
[00:14:39] [Server thread/WARN]: Warship (vehicle of Mr_albanil) moved too quickly! 70.04889786679905,-1.153068347292674E-4,9.545536301628317
[00:14:39] [Server thread/WARN]: Warship (vehicle of Mr_albanil) moved too quickly! 69.92271408033412,-1.1630950285734798E-4,9.526677731342943
[00:14:39] [Server thread/WARN]: Warship (vehicle of Mr_albanil) moved too quickly! 69.79588891410094,-1.1731217098542857E-4,9.507731427017461
[00:14:39] [Server thread/WARN]: Warship (vehicle of Mr_albanil) moved too quickly! 69.66853754230124,-0.0026183101266212816,9.488715581648876
[00:14:39] [Server thread/WARN]: Warship (vehicle of Mr_albanil) moved too quickly! 69.54460217767155,-0.009673127545781313,9.47020327908399
[00:14:39] [Server thread/WARN]: Warship (vehicle of Mr_albanil) moved too quickly! 69.42663205623649,-0.02294942794544852,9.452567556580561
[00:14:39] [Server thread/WARN]: Warship (vehicle of Mr_albanil) moved too quickly! 69.31616507368744,-0.04378151508900885,9.436031766013002
[00:14:39] [Server thread/WARN]: Warship (vehicle of Mr_albanil) moved too quickly! 69.2140135382624,-0.07321674292289515,9.42071300637599
[00:14:39] [Server thread/WARN]: Warship (vehicle of Mr_albanil) moved too quickly! 69.12047789550525,-0.11205625536241826,9.406653524058356
[00:14:39] [Server thread/WARN]: Warship (vehicle of Mr_albanil) moved too quickly! 69.03550556412392,-0.16089070947271011,9.393844015453396
[00:14:39] [Server thread/WARN]: Warship (vehicle of Mr_albanil) moved too quickly! 68.9588081601405,-0.2201315545054996,9.382240800661066
[00:14:39] [Server thread/WARN]: Warship (vehicle of Mr_albanil) moved too quickly! 68.88994729361457,-0.2900383794309249,9.371778382863795
[00:14:39] [Server thread/WARN]: Warship (vehicle of Mr_albanil) moved too quickly! 68.82839667839653,-0.3707427883391148,9.362378537064615
[00:14:39] [Server thread/WARN]: Warship (vehicle of Mr_albanil) moved too quickly! 68.7735864867509,-0.462269203756307,9.353956803678102
[00:14:39] [Server thread/WARN]: Warship (vehicle of Mr_albanil) moved too quickly! 68.72493445549844,-0.5645529600103458,9.346427042538153
[00:14:39] [Server thread/WARN]: Warship (vehicle of Mr_albanil) moved too quickly! 68.68186708907433,-0.6774560147759701,9.339705073210098
[00:14:39] [Server thread/WARN]: Warship (vehicle of Mr_albanil) moved too quickly! 68.64383393716798,-0.8007805504486356,9.333709134656374
[00:14:39] [Server thread/WARN]: Warship (vehicle of Mr_albanil) moved too quickly! 68.61031613488831,-0.934280724061864,9.328362749637563
[00:14:39] [Server thread/WARN]: Warship (vehicle of Mr_albanil) moved too quickly! 68.58083138994061,-1.0776727929858367,9.323595266143002
[00:14:39] [Server thread/WARN]: Warship (vehicle of Mr_albanil) moved too quickly! 68.55493638920234,-1.2306438071876755,9.319341115807902
[00:14:39] [Server thread/WARN]: Warship (vehicle of Mr_albanil) moved too quickly! 68.53222697629826,-1.3928590475887432,9.315541188769203
[00:14:39] [Server thread/WARN]: Warship (vehicle of Mr_albanil) moved too quickly! 68.51233740494536,-1.5639683666532704,9.312141524270146
[00:14:39] [Server thread/WARN]: Warship (vehicle of Mr_albanil) moved too quickly! 68.49493845065535,-1.7436115695027041,9.309094062183021
[00:14:39] [Server thread/WARN]: Warship (vehicle of Mr_albanil) moved too quickly! 68.47973528201601,-1.9314229536856402,9.306355414132895
[00:14:39] [Server thread/WARN]: Warship (vehicle of Mr_albanil) moved too quickly! 68.46646482283086,-2.1270351201885376,9.303887259991825
[00:14:39] [Server thread/WARN]: Warship (vehicle of Mr_albanil) moved too quickly! 68.45489318884029,-2.330082142674442,9.301655407150747
[00:14:39] [Server thread/WARN]: Warship (vehicle of Mr_albanil) moved too quickly! 58.725008183098,-2.540191160662829,8.143579320483695
[00:14:39] [Server thread/WARN]: Warship (vehicle of Mr_albanil) moved too quickly! 58.71623613043721,-2.7570286361357716,8.14173269959133
[00:14:39] [Server thread/WARN]: Warship (vehicle of Mr_albanil) moved too quickly! 58.7086103479005,-2.9802359066450492,8.140041840118101
[00:18:22] [Server thread/WARN]: gxby_idk moved wrongly!
[00:18:28] [Server thread/WARN]: Mr_albanil moved wrongly!
[00:18:29] [Server thread/WARN]: messironaldo1235 moved wrongly!
[00:21:26] [Server thread/INFO]: messironaldo1235 lost connection: Timed out
[00:21:26] [Server thread/INFO]: messironaldo1235 left the game
[00:28:09] [Server thread/INFO]: Matin_colas[/127.86.65.60:45301] logged in with entity id 47990 at (6858.5867415588245, 66.0, -689.5669823207058)
[00:28:09] [Server thread/INFO]: Matin_colas joined the game
[00:28:44] [Server thread/WARN]: Mr_albanil moved wrongly!
[00:29:49] [Server thread/WARN]: Mr_albanil moved wrongly!
[00:30:07] [Server thread/WARN]: Can't keep up! Is the server overloaded? Running 18402ms or 368 ticks behind
[00:30:07] [Server thread/WARN]: gxby_idk moved too quickly! -3.715592442884372,0.2522033402537289,-9.410558919390269
[00:30:09] [Server thread/INFO]: Mr_albanil lost connection: Disconnected
[00:30:09] [Server thread/INFO]: Mr_albanil left the game
[00:31:02] [Server thread/INFO]: messironaldo1235[/127.210.49.133:57325] logged in with entity id 49297 at (6814.634504775372, 66.0, -651.2069052953426)
[00:31:02] [Server thread/INFO]: messironaldo1235 joined the game
[00:34:18] [Server thread/WARN]: Matin_colas moved wrongly!
[00:36:33] [Server thread/WARN]: Matin_colas moved too quickly! 0.15782917301839916,-9.904893780457495,2.6942595901543314
[00:39:34] [Server thread/INFO]: Mr_albanil[/127.42.160.211:57157] logged in with entity id 53264 at (6759.957508986215, 68.0, -701.2770970481254)
[00:39:34] [Server thread/INFO]: Mr_albanil joined the game
[00:44:13] [Server thread/WARN]: messironaldo1235 moved wrongly!
[00:44:21] [Server thread/WARN]: messironaldo1235 moved wrongly!
[00:46:06] [Server thread/WARN]: messironaldo1235 moved wrongly!
[00:46:19] [Worker-Main-2/ERROR]: Hanging entity at invalid position: class_2338{x=1307, y=-58, z=78}
[00:46:19] [Worker-Main-3/ERROR]: Hanging entity at invalid position: class_2338{x=1312, y=-58, z=101}
[00:46:19] [Worker-Main-3/ERROR]: Hanging entity at invalid position: class_2338{x=1312, y=-58, z=101}
[00:46:19] [Worker-Main-3/ERROR]: Hanging entity at invalid position: class_2338{x=1312, y=-58, z=103}
[00:46:19] [Worker-Main-3/ERROR]: Hanging entity at invalid position: class_2338{x=1312, y=-58, z=103}
[00:46:21] [Worker-Main-1/ERROR]: Hanging entity at invalid position: class_2338{x=1317, y=-56, z=197}
[00:48:26] [Server thread/INFO]: Mr_albanil was slain by Vindicator
[00:50:35] [Server thread/WARN]: Mr_albanil moved wrongly!
[00:56:25] [Server thread/WARN]: Mr_albanil moved wrongly!
[00:57:08] [Server thread/WARN]: Mismatch in destroy block pos: class_2338{x=7276, y=-16, z=-376} class_2338{x=7276, y=-18, z=-376}
[00:57:13] [Server thread/INFO]: messironaldo1235 has made the advancement [Chest Slayer]
[00:58:40] [Server thread/WARN]: Mr_albanil moved wrongly!
[01:04:31] [Server thread/WARN]: Mr_albanil moved wrongly!
[01:14:37] [Server thread/WARN]: Mismatch in destroy block pos: class_2338{x=-555, y=-52, z=-1311} class_2338{x=-555, y=-52, z=-1310}
[01:14:37] [Server thread/WARN]: Mismatch in destroy block pos: class_2338{x=-555, y=-52, z=-1311} class_2338{x=-555, y=-52, z=-1310}
[01:15:13] [Server thread/WARN]: Mismatch in destroy block pos: class_2338{x=-544, y=-50, z=-1340} class_2338{x=-544, y=-49, z=-1341}
[01:15:14] [Server thread/WARN]: Mismatch in destroy block pos: class_2338{x=-548, y=-52, z=-1339} class_2338{x=-548, y=-52, z=-1340}
[01:15:14] [Server thread/WARN]: Mismatch in destroy block pos: class_2338{x=-548, y=-52, z=-1339} class_2338{x=-548, y=-52, z=-1340}
[01:15:14] [Server thread/WARN]: Mismatch in destroy block pos: class_2338{x=-548, y=-52, z=-1339} class_2338{x=-548, y=-52, z=-1340}
[01:15:14] [Server thread/WARN]: Mismatch in destroy block pos: class_2338{x=-548, y=-52, z=-1339} class_2338{x=-548, y=-52, z=-1340}
[01:15:14] [Server thread/WARN]: Mismatch in destroy block pos: class_2338{x=-548, y=-52, z=-1339} class_2338{x=-548, y=-52, z=-1340}
[01:15:14] [Server thread/WARN]: Mismatch in destroy block pos: class_2338{x=-549, y=-51, z=-1339} class_2338{x=-548, y=-52, z=-1339}
[01:16:58] [Server thread/WARN]: messironaldo1235 moved wrongly!
[01:17:27] [Server thread/WARN]: Mismatch in destroy block pos: class_2338{x=-584, y=-52, z=-1329} class_2338{x=-585, y=-52, z=-1330}
[01:17:42] [Server thread/WARN]: Mismatch in destroy block pos: class_2338{x=-610, y=-52, z=-1343} class_2338{x=-609, y=-53, z=-1343}
[01:18:07] [Server thread/WARN]: Mismatch in destroy block pos: class_2338{x=-594, y=-50, z=-1326} class_2338{x=-594, y=-51, z=-1327}
[01:18:07] [Server thread/WARN]: Mismatch in destroy block pos: class_2338{x=-594, y=-50, z=-1326} class_2338{x=-594, y=-51, z=-1327}
[01:18:07] [Server thread/WARN]: Mismatch in destroy block pos: class_2338{x=-594, y=-50, z=-1326} class_2338{x=-594, y=-51, z=-1327}
[01:18:07] [Server thread/WARN]: Mismatch in destroy block pos: class_2338{x=-594, y=-50, z=-1326} class_2338{x=-594, y=-51, z=-1327}
[01:18:10] [Server thread/WARN]: Mismatch in destroy block pos: class_2338{x=-579, y=-52, z=-1328} class_2338{x=-580, y=-53, z=-1327}
[01:19:31] [Server thread/INFO]: Matin_colas has made the advancement [Enchanter]
[01:20:30] [Server thread/WARN]: Mismatch in destroy block pos: class_2338{x=-625, y=-52, z=-1351} class_2338{x=-622, y=-53, z=-1350}
[01:21:05] [Server thread/WARN]: Mismatch in destroy block pos: class_2338{x=-638, y=-52, z=-1348} class_2338{x=-639, y=-51, z=-1348}
[01:21:05] [Server thread/WARN]: Mismatch in destroy block pos: class_2338{x=-638, y=-52, z=-1348} class_2338{x=-639, y=-51, z=-1348}
[01:21:05] [Server thread/WARN]: Mismatch in destroy block pos: class_2338{x=-638, y=-52, z=-1348} class_2338{x=-639, y=-51, z=-1348}
[01:21:05] [Server thread/WARN]: Mismatch in destroy block pos: class_2338{x=-638, y=-52, z=-1348} class_2338{x=-639, y=-51, z=-1348}
[01:21:11] [Server thread/WARN]: Mismatch in destroy block pos: class_2338{x=-627, y=-52, z=-1351} class_2338{x=-628, y=-52, z=-1350}
[01:21:11] [Server thread/WARN]: Mismatch in destroy block pos: class_2338{x=-627, y=-52, z=-1351} class_2338{x=-628, y=-52, z=-1350}
[01:21:11] [Server thread/WARN]: Mismatch in destroy block pos: class_2338{x=-627, y=-52, z=-1351} class_2338{x=-628, y=-52, z=-1350}
[01:21:30] [Server thread/WARN]: Bamboo Hopper (vehicle of Matin_colas) moved too quickly! 10.048952396732602,-0.586102173196835,-1.92404109021561
[01:21:49] [Server thread/WARN]: Bamboo Hopper (vehicle of Matin_colas) moved too quickly! 9.96214981220237,0.07342819216026442,2.781873119523823
[01:21:49] [Server thread/WARN]: Bamboo Hopper (vehicle of Matin_colas) moved too quickly! 10.825099486998624,0.06784893946682757,2.9113836482275133
[01:22:20] [Server thread/WARN]: Bamboo Hopper (vehicle of Matin_colas) moved too quickly! 9.686500289350988,-0.9420269241811923,-2.6435174839566002
[01:23:04] [Server thread/WARN]: messironaldo1235 moved wrongly!
[01:23:44] [Server thread/WARN]: Bamboo Hopper (vehicle of Matin_colas) moved too quickly! 7.614874315186171,0.29754001630541893,6.595868345799602
[01:23:44] [Server thread/WARN]: Bamboo Hopper (vehicle of Matin_colas) moved too quickly! 8.45941808569114,0.28996858491616706,7.07559599045959
[01:23:44] [Server thread/WARN]: Bamboo Hopper (vehicle of Matin_colas) moved too quickly! 9.314814697097972,0.2739157226345412,7.528434842213471
[01:24:12] [Server thread/WARN]: Mismatch in destroy block pos: class_2338{x=-575, y=-49, z=-1235} class_2338{x=-571, y=-51, z=-1236}
[01:24:22] [Server thread/WARN]: Mismatch in destroy block pos: class_2338{x=-569, y=-52, z=-1259} class_2338{x=-568, y=-52, z=-1263}
[01:24:22] [Server thread/WARN]: Mismatch in destroy block pos: class_2338{x=-568, y=-52, z=-1258} class_2338{x=-569, y=-52, z=-1258}
[01:24:22] [Server thread/WARN]: Mismatch in destroy block pos: class_2338{x=-568, y=-52, z=-1258} class_2338{x=-569, y=-52, z=-1258}
[01:24:22] [Server thread/WARN]: Mismatch in destroy block pos: class_2338{x=-568, y=-52, z=-1258} class_2338{x=-569, y=-52, z=-1258}
[01:24:22] [Server thread/WARN]: Mismatch in destroy block pos: class_2338{x=-568, y=-52, z=-1258} class_2338{x=-569, y=-52, z=-1258}
[01:24:22] [Server thread/WARN]: Mismatch in destroy block pos: class_2338{x=-568, y=-52, z=-1258} class_2338{x=-569, y=-52, z=-1258}
[01:24:22] [Server thread/WARN]: Mismatch in destroy block pos: class_2338{x=-568, y=-52, z=-1258} class_2338{x=-569, y=-52, z=-1258}
[01:24:22] [Server thread/WARN]: Mismatch in destroy block pos: class_2338{x=-568, y=-52, z=-1258} class_2338{x=-569, y=-52, z=-1258}
[01:25:50] [Server thread/WARN]: messironaldo1235 moved wrongly!
[01:25:59] [Server thread/WARN]: messironaldo1235 moved wrongly!
[01:28:04] [Server thread/INFO]: Matin_colas lost connection: Disconnected
[01:28:07] [Server thread/INFO]: Matin_colas left the game
[01:28:07] [Server thread/WARN]: gxby_idk moved too quickly! -9.980404804831778,1.6754387601295093,-0.6725795020507803
[01:28:07] [Server thread/WARN]: messironaldo1235 moved too quickly! 6.624598550955852,-7.865148067891624,-1.4909819654594685
[01:28:07] [Server thread/WARN]: Can't keep up! Is the server overloaded? Running 3434ms or 68 ticks behind
[01:30:54] [Server thread/WARN]: Mr_albanil moved too quickly! 7.991447299770698,2.062555210063408,-6.048176138060171
[01:31:25] [Server thread/INFO]: Mr_albanil lost connection: Timed out
[01:31:25] [Server thread/INFO]: Mr_albanil left the game
[01:31:28] [Server thread/INFO]: Mr_albanil[/127.42.160.211:50953] logged in with entity id 114723 at (6767.3394831032, 63.0, -568.7206411265735)
[01:31:28] [Server thread/INFO]: Mr_albanil joined the game
[01:33:40] [Server thread/WARN]: Mr_albanil moved wrongly!
[01:44:48] [Server thread/WARN]: gxby_idk moved wrongly!
[01:44:58] [Server thread/WARN]: messironaldo1235 moved wrongly!
[01:45:00] [Server thread/WARN]: Mr_albanil moved wrongly!
[01:49:04] [Server thread/INFO]: gxby_idk has made the advancement [Chest Slayer]
[01:51:50] [Server thread/INFO]: Mr_albanil has completed the challenge [It Spreads]
[01:52:24] [Server thread/INFO]: messironaldo1235 has completed the challenge [It Spreads]
[01:57:31] [Server thread/INFO]: Mr_albanil lost connection: Timed out
[01:57:31] [Server thread/INFO]: Mr_albanil left the game
[01:57:31] [Server thread/INFO]: gxby_idk lost connection: Timed out
[01:57:31] [Server thread/INFO]: gxby_idk left the game
[01:57:39] [Server thread/INFO]: Mr_albanil[/127.42.160.211:53837] logged in with entity id 131513 at (5883.621797224355, -15.246800019478798, 2078.657715617711)
[01:57:39] [Server thread/INFO]: Mr_albanil joined the game
[01:57:54] [Server thread/INFO]: gxby_idk[/127.61.120.255:40883] logged in with entity id 131614 at (5796.416132325692, -45.0, 2042.32958432051)
[01:57:54] [Server thread/INFO]: gxby_idk joined the game
[01:58:10] [Server thread/INFO]: Mr_albanil lost connection: Timed out
[01:58:10] [Server thread/INFO]: Mr_albanil left the game
[01:58:16] [Server thread/INFO]: Mr_albanil[/127.42.160.211:42707] logged in with entity id 131756 at (5883.621797224355, -15.246800019478798, 2078.657715617711)
[01:58:16] [Server thread/INFO]: Mr_albanil joined the game
[02:02:31] [Server thread/INFO]: [Not Secure] <messironaldo1235> dylan???????
[02:07:46] [Server thread/INFO]: gxby_idk has made the advancement [The Cutest Predator]
[02:12:35] [Server thread/INFO]: gxby_idk lost connection: Disconnected
[02:12:35] [Server thread/INFO]: gxby_idk left the game
[03:06:24] [Server thread/INFO]: Villager class_1646['Toolsmith'/141983, l='ServerLevel[world]', x=6787.88, y=66.00, z=-641.55] died, message: 'Toolsmith was slain by Zombie'
[03:07:06] [Server thread/INFO]: messironaldo1235 lost connection: Disconnected
[03:07:06] [Server thread/INFO]: messironaldo1235 left the game
[03:07:20] [Server thread/WARN]: Mr_albanil moved wrongly!
[03:07:30] [Server thread/WARN]: Mr_albanil moved wrongly!
[03:08:12] [Server thread/INFO]: Mr_albanil lost connection: Disconnected
[03:08:12] [Server thread/INFO]: Mr_albanil left the game
